<?xml version="1.0" encoding="UTF-8"?>
<!-- Generated by org.testng.reporters.JUnitReportReporter -->
<testsuite skipped="0" hostname="LAPTOP-5MSMT5PF" name="Cucumber_Practice_Udemy.Cucumber_Practice_Udemy.AppTest" tests="1" failures="0" timestamp="2020-06-17T23:32:49 IST" time="0.011" errors="0">
  <testcase name="shouldAnswerWithTrue" time="0.011" classname="Cucumber_Practice_Udemy.Cucumber_Practice_Udemy.AppTest"/>
  <system-out/>
</testsuite> <!-- Cucumber_Practice_Udemy.Cucumber_Practice_Udemy.AppTest -->
